Configuring attoparsec-enumerator-0.3.4...
Building attoparsec-enumerator-0.3.4...
Preprocessing library attoparsec-enumerator-0.3.4...
[1 of 1] Compiling Data.Attoparsec.Enumerator ( lib/Data/Attoparsec/Enumerator.hs, .stack-work/dist/x86_64-linux-ncurses6/Cabal-1.22.5.0/build/Data/Attoparsec/Enumerator.o )

lib/Data/Attoparsec/Enumerator.hs:11:1: Warning: Tab character

lib/Data/Attoparsec/Enumerator.hs:12:1: Warning: Tab character

lib/Data/Attoparsec/Enumerator.hs:13:1: Warning: Tab character

lib/Data/Attoparsec/Enumerator.hs:14:1: Warning: Tab character

lib/Data/Attoparsec/Enumerator.hs:28:1: Warning: Tab character

lib/Data/Attoparsec/Enumerator.hs:29:1: Warning: Tab character

lib/Data/Attoparsec/Enumerator.hs:30:1: Warning: Tab character

lib/Data/Attoparsec/Enumerator.hs:31:1: Warning: Tab character

lib/Data/Attoparsec/Enumerator.hs:39:1: Warning: Tab character

lib/Data/Attoparsec/Enumerator.hs:40:1: Warning: Tab character

lib/Data/Attoparsec/Enumerator.hs:41:1: Warning: Tab character

lib/Data/Attoparsec/Enumerator.hs:42:1: Warning: Tab character

lib/Data/Attoparsec/Enumerator.hs:43:1: Warning: Tab character

lib/Data/Attoparsec/Enumerator.hs:46:1: Warning: Tab character

lib/Data/Attoparsec/Enumerator.hs:47:1: Warning: Tab character

lib/Data/Attoparsec/Enumerator.hs:48:1: Warning: Tab character

lib/Data/Attoparsec/Enumerator.hs:49:1: Warning: Tab character

lib/Data/Attoparsec/Enumerator.hs:50:1: Warning: Tab character

lib/Data/Attoparsec/Enumerator.hs:53:1: Warning: Tab character

lib/Data/Attoparsec/Enumerator.hs:54:1: Warning: Tab character

lib/Data/Attoparsec/Enumerator.hs:55:1: Warning: Tab character

lib/Data/Attoparsec/Enumerator.hs:56:1: Warning: Tab character

lib/Data/Attoparsec/Enumerator.hs:57:1: Warning: Tab character

lib/Data/Attoparsec/Enumerator.hs:66:1: Warning: Tab character

lib/Data/Attoparsec/Enumerator.hs:67:1: Warning: Tab character

lib/Data/Attoparsec/Enumerator.hs:68:1: Warning: Tab character

lib/Data/Attoparsec/Enumerator.hs:69:1: Warning: Tab character

lib/Data/Attoparsec/Enumerator.hs:70:1: Warning: Tab character

lib/Data/Attoparsec/Enumerator.hs:71:1: Warning: Tab character

lib/Data/Attoparsec/Enumerator.hs:72:1: Warning: Tab character

lib/Data/Attoparsec/Enumerator.hs:73:1: Warning: Tab character

lib/Data/Attoparsec/Enumerator.hs:74:1: Warning: Tab character

lib/Data/Attoparsec/Enumerator.hs:75:1: Warning: Tab character

lib/Data/Attoparsec/Enumerator.hs:76:1: Warning: Tab character

lib/Data/Attoparsec/Enumerator.hs:77:1: Warning: Tab character

lib/Data/Attoparsec/Enumerator.hs:78:1: Warning: Tab character

lib/Data/Attoparsec/Enumerator.hs:79:1: Warning: Tab character

lib/Data/Attoparsec/Enumerator.hs:80:1: Warning: Tab character
In-place registering attoparsec-enumerator-0.3.4...
Installing library in
/home/korolr/.stack/snapshots/x86_64-linux-ncurses6/lts-6.10/7.10.3/lib/x86_64-linux-ghc-7.10.3/attoparsec-enumerator-0.3.4-ALVKFqBpIX2LFc0B1mTQqC
Registering attoparsec-enumerator-0.3.4...
