Configuring blaze-markup-0.7.1.0...
Building blaze-markup-0.7.1.0...
Preprocessing library blaze-markup-0.7.1.0...
[1 of 6] Compiling Text.Blaze.Internal ( src/Text/Blaze/Internal.hs, .stack-work/dist/x86_64-linux-ncurses6/Cabal-1.22.5.0/build/Text/Blaze/Internal.o )

src/Text/Blaze/Internal.hs:78:1: Warning:
    The import of ‘Control.Applicative’ is redundant
      except perhaps to import instances from ‘Control.Applicative’
    To import instances alone, use: import Control.Applicative()

src/Text/Blaze/Internal.hs:79:1: Warning:
    The import of ‘Data.Monoid’ is redundant
      except perhaps to import instances from ‘Data.Monoid’
    To import instances alone, use: import Data.Monoid()
[2 of 6] Compiling Text.Blaze.Renderer.String ( src/Text/Blaze/Renderer/String.hs, .stack-work/dist/x86_64-linux-ncurses6/Cabal-1.22.5.0/build/Text/Blaze/Renderer/String.o )
[3 of 6] Compiling Text.Blaze.Renderer.Pretty ( src/Text/Blaze/Renderer/Pretty.hs, .stack-work/dist/x86_64-linux-ncurses6/Cabal-1.22.5.0/build/Text/Blaze/Renderer/Pretty.o )
[4 of 6] Compiling Text.Blaze.Renderer.Text ( src/Text/Blaze/Renderer/Text.hs, .stack-work/dist/x86_64-linux-ncurses6/Cabal-1.22.5.0/build/Text/Blaze/Renderer/Text.o )

src/Text/Blaze/Renderer/Text.hs:15:1: Warning:
    The import of ‘Data.Monoid’ is redundant
      except perhaps to import instances from ‘Data.Monoid’
    To import instances alone, use: import Data.Monoid()
[5 of 6] Compiling Text.Blaze.Renderer.Utf8 ( src/Text/Blaze/Renderer/Utf8.hs, .stack-work/dist/x86_64-linux-ncurses6/Cabal-1.22.5.0/build/Text/Blaze/Renderer/Utf8.o )

src/Text/Blaze/Renderer/Utf8.hs:11:1: Warning:
    The import of ‘Data.Monoid’ is redundant
      except perhaps to import instances from ‘Data.Monoid’
    To import instances alone, use: import Data.Monoid()
[6 of 6] Compiling Text.Blaze       ( src/Text/Blaze.hs, .stack-work/dist/x86_64-linux-ncurses6/Cabal-1.22.5.0/build/Text/Blaze.o )

src/Text/Blaze.hs:91:1: Warning:
    The import of ‘Data.Monoid’ is redundant
      except perhaps to import instances from ‘Data.Monoid’
    To import instances alone, use: import Data.Monoid()

src/Text/Blaze.hs:92:1: Warning:
    The import of ‘Word’ from module ‘Data.Word’ is redundant
In-place registering blaze-markup-0.7.1.0...
Installing library in
/home/korolr/.stack/snapshots/x86_64-linux-ncurses6/lts-6.10/7.10.3/lib/x86_64-linux-ghc-7.10.3/blaze-markup-0.7.1.0-0tKrf28gRcM35aw8gGohhB
Registering blaze-markup-0.7.1.0...
