Configuring conduit-1.2.6.6...
Building conduit-1.2.6.6...
Preprocessing library conduit-1.2.6.6...
[1 of 8] Compiling Data.Conduit.Internal.Pipe ( Data/Conduit/Internal/Pipe.hs, .stack-work/dist/x86_64-linux-ncurses6/Cabal-1.22.5.0/build/Data/Conduit/Internal/Pipe.o )

Data/Conduit/Internal/Pipe.hs:47:1: Warning:
    The import of ‘Control.Applicative’ is redundant
      except perhaps to import instances from ‘Control.Applicative’
    To import instances alone, use: import Control.Applicative()

Data/Conduit/Internal/Pipe.hs:59:1: Warning:
    The import of ‘Data.Monoid’ is redundant
      except perhaps to import instances from ‘Data.Monoid’
    To import instances alone, use: import Data.Monoid()
[2 of 8] Compiling Data.Conduit.Internal.Conduit ( Data/Conduit/Internal/Conduit.hs, .stack-work/dist/x86_64-linux-ncurses6/Cabal-1.22.5.0/build/Data/Conduit/Internal/Conduit.o )

Data/Conduit/Internal/Conduit.hs:88:1: Warning:
    Module ‘Prelude’ does not export ‘catch’

Data/Conduit/Internal/Conduit.hs:89:1: Warning:
    The import of ‘Control.Applicative’ is redundant
      except perhaps to import instances from ‘Control.Applicative’
    To import instances alone, use: import Control.Applicative()

Data/Conduit/Internal/Conduit.hs:102:1: Warning:
    The import of ‘Data.Monoid’ is redundant
      except perhaps to import instances from ‘Data.Monoid’
    To import instances alone, use: import Data.Monoid()

Data/Conduit/Internal/Conduit.hs:109:1: Warning:
    The import of ‘Data.Traversable’ is redundant
      except perhaps to import instances from ‘Data.Traversable’
    To import instances alone, use: import Data.Traversable()
[3 of 8] Compiling Data.Conduit.Internal.Fusion ( Data/Conduit/Internal/Fusion.hs, .stack-work/dist/x86_64-linux-ncurses6/Cabal-1.22.5.0/build/Data/Conduit/Internal/Fusion.o )
[4 of 8] Compiling Data.Conduit.Internal.List.Stream ( Data/Conduit/Internal/List/Stream.hs, .stack-work/dist/x86_64-linux-ncurses6/Cabal-1.22.5.0/build/Data/Conduit/Internal/List/Stream.o )
[5 of 8] Compiling Data.Conduit.Internal ( Data/Conduit/Internal.hs, .stack-work/dist/x86_64-linux-ncurses6/Cabal-1.22.5.0/build/Data/Conduit/Internal.o )
[6 of 8] Compiling Data.Conduit     ( Data/Conduit.hs, .stack-work/dist/x86_64-linux-ncurses6/Cabal-1.22.5.0/build/Data/Conduit.o )
[7 of 8] Compiling Data.Conduit.List ( Data/Conduit/List.hs, .stack-work/dist/x86_64-linux-ncurses6/Cabal-1.22.5.0/build/Data/Conduit/List.o )
[8 of 8] Compiling Data.Conduit.Lift ( Data/Conduit/Lift.hs, .stack-work/dist/x86_64-linux-ncurses6/Cabal-1.22.5.0/build/Data/Conduit/Lift.o )

Data/Conduit/Lift.hs:75:1: Warning:
    The import of ‘Data.Monoid’ is redundant
      except perhaps to import instances from ‘Data.Monoid’
    To import instances alone, use: import Data.Monoid()

Data/Conduit/Lift.hs:78:1: Warning:
    Module ‘Control.Monad.Trans.Error’ is deprecated:
      Use Control.Monad.Trans.Except instead

Data/Conduit/Lift.hs:129:26: Warning:
    In the use of type constructor or class ‘E.ErrorT’
    (imported from Control.Monad.Trans.Error):
    Deprecated: "Use Control.Monad.Trans.Except instead"

Data/Conduit/Lift.hs:129:56: Warning:
    In the use of type constructor or class ‘E.Error’
    (imported from Control.Monad.Trans.Error):
    Deprecated: "Use Control.Monad.Trans.Except instead"

Data/Conduit/Lift.hs:131:29: Warning:
    In the use of type constructor or class ‘E.ErrorT’
    (imported from Control.Monad.Trans.Error):
    Deprecated: "Use Control.Monad.Trans.Except instead"

Data/Conduit/Lift.hs:134:12: Warning:
    In the use of data constructor ‘E.ErrorT’
    (imported from Control.Monad.Trans.Error):
    Deprecated: "Use Control.Monad.Trans.Except instead"

Data/Conduit/Lift.hs:140:16: Warning:
    In the use of type constructor or class ‘E.Error’
    (imported from Control.Monad.Trans.Error):
    Deprecated: "Use Control.Monad.Trans.Except instead"

Data/Conduit/Lift.hs:141:20: Warning:
    In the use of type constructor or class ‘E.ErrorT’
    (imported from Control.Monad.Trans.Error):
    Deprecated: "Use Control.Monad.Trans.Except instead"

Data/Conduit/Lift.hs:146:25: Warning:
    In the use of ‘E.runErrorT’
    (imported from Control.Monad.Trans.Error):
    Deprecated: "Use Control.Monad.Trans.Except instead"

Data/Conduit/Lift.hs:151:56: Warning:
    In the use of ‘E.runErrorT’
    (imported from Control.Monad.Trans.Error):
    Deprecated: "Use Control.Monad.Trans.Except instead"

Data/Conduit/Lift.hs:160:16: Warning:
    In the use of type constructor or class ‘E.Error’
    (imported from Control.Monad.Trans.Error):
    Deprecated: "Use Control.Monad.Trans.Except instead"

Data/Conduit/Lift.hs:161:20: Warning:
    In the use of type constructor or class ‘E.ErrorT’
    (imported from Control.Monad.Trans.Error):
    Deprecated: "Use Control.Monad.Trans.Except instead"

Data/Conduit/Lift.hs:162:29: Warning:
    In the use of type constructor or class ‘E.ErrorT’
    (imported from Control.Monad.Trans.Error):
    Deprecated: "Use Control.Monad.Trans.Except instead"

Data/Conduit/Lift.hs:163:23: Warning:
    In the use of type constructor or class ‘E.ErrorT’
    (imported from Control.Monad.Trans.Error):
    Deprecated: "Use Control.Monad.Trans.Except instead"

Data/Conduit/Lift.hs:168:32: Warning:
    In the use of ‘E.runErrorT’
    (imported from Control.Monad.Trans.Error):
    Deprecated: "Use Control.Monad.Trans.Except instead"
In-place registering conduit-1.2.6.6...
Installing library in
/home/korolr/.stack/snapshots/x86_64-linux-ncurses6/lts-6.10/7.10.3/lib/x86_64-linux-ghc-7.10.3/conduit-1.2.6.6-4vwXa52Mgk2IFQw5U9Vk6r
Registering conduit-1.2.6.6...
