Configuring filemanip-0.3.6.3...
Building filemanip-0.3.6.3...
Preprocessing library filemanip-0.3.6.3...
[1 of 4] Compiling System.FilePath.Manip ( System/FilePath/Manip.hs, .stack-work/dist/x86_64-linux-ncurses6/Cabal-1.22.5.0/build/System/FilePath/Manip.o )
[2 of 4] Compiling System.FilePath.GlobPattern ( System/FilePath/GlobPattern.hs, .stack-work/dist/x86_64-linux-ncurses6/Cabal-1.22.5.0/build/System/FilePath/GlobPattern.o )

System/FilePath/GlobPattern.hs:149:22: Warning:
    This binding for ‘g’ shadows the existing binding
      bound at System/FilePath/GlobPattern.hs:148:24
[3 of 4] Compiling System.FilePath.Glob ( System/FilePath/Glob.hs, .stack-work/dist/x86_64-linux-ncurses6/Cabal-1.22.5.0/build/System/FilePath/Glob.o )
[4 of 4] Compiling System.FilePath.Find ( System/FilePath/Find.hs, .stack-work/dist/x86_64-linux-ncurses6/Cabal-1.22.5.0/build/System/FilePath/Find.o )

System/FilePath/Find.hs:227:20: Warning:
    This binding for ‘depth’ shadows the existing binding
      defined at System/FilePath/Find.hs:195:1

System/FilePath/Find.hs:231:9: Warning:
    This binding for ‘traverse’ shadows the existing binding
      imported from ‘Prelude’ at System/FilePath/Find.hs:39:8-27
      (and originally defined in ‘Data.Traversable’)

System/FilePath/Find.hs:231:22: Warning:
    This binding for ‘depth’ shadows the existing binding
      defined at System/FilePath/Find.hs:195:1

System/FilePath/Find.hs:238:25: Warning:
    This binding for ‘depth’ shadows the existing binding
      defined at System/FilePath/Find.hs:195:1

System/FilePath/Find.hs:274:15: Warning:
    This binding for ‘state’ shadows the existing binding
      bound at System/FilePath/Find.hs:271:38

System/FilePath/Find.hs:274:21: Warning:
    This binding for ‘path’ shadows the existing binding
      bound at System/FilePath/Find.hs:271:44

System/FilePath/Find.hs:274:26: Warning:
    This binding for ‘depth’ shadows the existing binding
      defined at System/FilePath/Find.hs:195:1

System/FilePath/Find.hs:279:9: Warning:
    This binding for ‘traverse’ shadows the existing binding
      imported from ‘Prelude’ at System/FilePath/Find.hs:39:8-27
      (and originally defined in ‘Data.Traversable’)

System/FilePath/Find.hs:279:18: Warning:
    This binding for ‘state’ shadows the existing binding
      bound at System/FilePath/Find.hs:271:38

System/FilePath/Find.hs:279:28: Warning:
    This binding for ‘depth’ shadows the existing binding
      defined at System/FilePath/Find.hs:195:1

System/FilePath/Find.hs:282:53: Warning:
    This binding for ‘state’ shadows the existing binding
      bound at System/FilePath/Find.hs:279:18

System/FilePath/Find.hs:284:25: Warning:
    This binding for ‘path’ shadows the existing binding
      bound at System/FilePath/Find.hs:271:44
In-place registering filemanip-0.3.6.3...
Installing library in
/home/korolr/.stack/snapshots/x86_64-linux-ncurses6/lts-6.10/7.10.3/lib/x86_64-linux-ghc-7.10.3/filemanip-0.3.6.3-AFSulF8Y70TAA5R8pjLEdB
Registering filemanip-0.3.6.3...
