Configuring monads-tf-0.1.0.3...
Building monads-tf-0.1.0.3...
Preprocessing library monads-tf-0.1.0.3...
[ 1 of 21] Compiling Control.Monad.Identity ( Control/Monad/Identity.hs, .stack-work/dist/x86_64-linux-ncurses6/Cabal-1.22.5.0/build/Control/Monad/Identity.o )
[ 2 of 21] Compiling Control.Monad.Cont.Class ( Control/Monad/Cont/Class.hs, .stack-work/dist/x86_64-linux-ncurses6/Cabal-1.22.5.0/build/Control/Monad/Cont/Class.o )

Control/Monad/Cont/Class.hs:57:1: Warning:
    Module ‘Control.Monad.Trans.Error’ is deprecated:
      Use Control.Monad.Trans.Except instead

Control/Monad/Cont/Class.hs:98:11: Warning:
    In the use of type constructor or class ‘Error’
    (imported from Control.Monad.Trans.Error):
    Deprecated: "Use Control.Monad.Trans.Except instead"

Control/Monad/Cont/Class.hs:98:47: Warning:
    In the use of type constructor or class ‘ErrorT’
    (imported from Control.Monad.Trans.Error):
    Deprecated: "Use Control.Monad.Trans.Except instead"

Control/Monad/Cont/Class.hs:99:14: Warning:
    In the use of ‘Error.liftCallCC’
    (imported from Control.Monad.Trans.Error):
    Deprecated: "Use Control.Monad.Trans.Except instead"
[ 3 of 21] Compiling Control.Monad.Trans ( Control/Monad/Trans.hs, .stack-work/dist/x86_64-linux-ncurses6/Cabal-1.22.5.0/build/Control/Monad/Trans.o )
[ 4 of 21] Compiling Control.Monad.Error.Class ( Control/Monad/Error/Class.hs, .stack-work/dist/x86_64-linux-ncurses6/Cabal-1.22.5.0/build/Control/Monad/Error/Class.o )

Control/Monad/Error/Class.hs:40:1: Warning:
    Module ‘Control.Monad.Trans.Error’ is deprecated:
      Use Control.Monad.Trans.Except instead

Control/Monad/Error/Class.hs:41:1: Warning:
    Module ‘Control.Monad.Trans.Error’ is deprecated:
      Use Control.Monad.Trans.Except instead

Control/Monad/Error/Class.hs:102:11: Warning:
    In the use of type constructor or class ‘Error’
    (imported from Control.Monad.Trans.Error):
    Deprecated: "Use Control.Monad.Trans.Except instead"

Control/Monad/Error/Class.hs:108:20: Warning:
    In the use of type constructor or class ‘Error’
    (imported from Control.Monad.Trans.Error):
    Deprecated: "Use Control.Monad.Trans.Except instead"

Control/Monad/Error/Class.hs:108:44: Warning:
    In the use of type constructor or class ‘ErrorT’
    (imported from Control.Monad.Trans.Error):
    Deprecated: "Use Control.Monad.Trans.Except instead"

Control/Monad/Error/Class.hs:109:21: Warning:
    In the use of type constructor or class ‘ErrorT’
    (imported from Control.Monad.Trans.Error):
    Deprecated: "Use Control.Monad.Trans.Except instead"

Control/Monad/Error/Class.hs:110:18: Warning:
    In the use of ‘ErrorT.throwError’
    (imported from Control.Monad.Trans.Error):
    Deprecated: "Use Control.Monad.Trans.Except instead"

Control/Monad/Error/Class.hs:111:18: Warning:
    In the use of ‘ErrorT.catchError’
    (imported from Control.Monad.Trans.Error):
    Deprecated: "Use Control.Monad.Trans.Except instead"
[ 5 of 21] Compiling Control.Monad.Error ( Control/Monad/Error.hs, .stack-work/dist/x86_64-linux-ncurses6/Cabal-1.22.5.0/build/Control/Monad/Error.o )

Control/Monad/Error.hs:54:1: Warning:
    Module ‘Control.Monad.Trans.Error’ is deprecated:
      Use Control.Monad.Trans.Except instead
[ 6 of 21] Compiling Control.Monad.List ( Control/Monad/List.hs, .stack-work/dist/x86_64-linux-ncurses6/Cabal-1.22.5.0/build/Control/Monad/List.o )
[ 7 of 21] Compiling Control.Monad.Reader.Class ( Control/Monad/Reader/Class.hs, .stack-work/dist/x86_64-linux-ncurses6/Cabal-1.22.5.0/build/Control/Monad/Reader/Class.o )

Control/Monad/Reader/Class.hs:45:1: Warning:
    Module ‘Control.Monad.Trans.Error’ is deprecated:
      Use Control.Monad.Trans.Except instead

Control/Monad/Reader/Class.hs:119:11: Warning:
    In the use of type constructor or class ‘Error’
    (imported from Control.Monad.Trans.Error):
    Deprecated: "Use Control.Monad.Trans.Except instead"

Control/Monad/Reader/Class.hs:119:51: Warning:
    In the use of type constructor or class ‘ErrorT’
    (imported from Control.Monad.Trans.Error):
    Deprecated: "Use Control.Monad.Trans.Except instead"

Control/Monad/Reader/Class.hs:120:19: Warning:
    In the use of type constructor or class ‘ErrorT’
    (imported from Control.Monad.Trans.Error):
    Deprecated: "Use Control.Monad.Trans.Except instead"

Control/Monad/Reader/Class.hs:122:13: Warning:
    In the use of ‘mapErrorT’
    (imported from Control.Monad.Trans.Error):
    Deprecated: "Use Control.Monad.Trans.Except instead"
[ 8 of 21] Compiling Control.Monad.Reader ( Control/Monad/Reader.hs, .stack-work/dist/x86_64-linux-ncurses6/Cabal-1.22.5.0/build/Control/Monad/Reader.o )
[ 9 of 21] Compiling Control.Monad.State.Class ( Control/Monad/State/Class.hs, .stack-work/dist/x86_64-linux-ncurses6/Cabal-1.22.5.0/build/Control/Monad/State/Class.o )

Control/Monad/State/Class.hs:30:1: Warning:
    Module ‘Control.Monad.Trans.Error’ is deprecated:
      Use Control.Monad.Trans.Except instead

Control/Monad/State/Class.hs:107:11: Warning:
    In the use of type constructor or class ‘Error’
    (imported from Control.Monad.Trans.Error):
    Deprecated: "Use Control.Monad.Trans.Except instead"

Control/Monad/State/Class.hs:107:49: Warning:
    In the use of type constructor or class ‘ErrorT’
    (imported from Control.Monad.Trans.Error):
    Deprecated: "Use Control.Monad.Trans.Except instead"

Control/Monad/State/Class.hs:108:21: Warning:
    In the use of type constructor or class ‘ErrorT’
    (imported from Control.Monad.Trans.Error):
    Deprecated: "Use Control.Monad.Trans.Except instead"
[10 of 21] Compiling Control.Monad.Writer.Class ( Control/Monad/Writer/Class.hs, .stack-work/dist/x86_64-linux-ncurses6/Cabal-1.22.5.0/build/Control/Monad/Writer/Class.o )

Control/Monad/Writer/Class.hs:27:1: Warning:
    Module ‘Control.Monad.Trans.Error’ is deprecated:
      Use Control.Monad.Trans.Except instead

Control/Monad/Writer/Class.hs:100:11: Warning:
    In the use of type constructor or class ‘Error’
    (imported from Control.Monad.Trans.Error):
    Deprecated: "Use Control.Monad.Trans.Except instead"

Control/Monad/Writer/Class.hs:100:51: Warning:
    In the use of type constructor or class ‘ErrorT’
    (imported from Control.Monad.Trans.Error):
    Deprecated: "Use Control.Monad.Trans.Except instead"

Control/Monad/Writer/Class.hs:101:22: Warning:
    In the use of type constructor or class ‘ErrorT’
    (imported from Control.Monad.Trans.Error):
    Deprecated: "Use Control.Monad.Trans.Except instead"

Control/Monad/Writer/Class.hs:103:14: Warning:
    In the use of ‘Error.liftListen’
    (imported from Control.Monad.Trans.Error):
    Deprecated: "Use Control.Monad.Trans.Except instead"

Control/Monad/Writer/Class.hs:104:14: Warning:
    In the use of ‘Error.liftPass’
    (imported from Control.Monad.Trans.Error):
    Deprecated: "Use Control.Monad.Trans.Except instead"
[11 of 21] Compiling Control.Monad.RWS.Class ( Control/Monad/RWS/Class.hs, .stack-work/dist/x86_64-linux-ncurses6/Cabal-1.22.5.0/build/Control/Monad/RWS/Class.o )

Control/Monad/RWS/Class.hs:33:1: Warning:
    Module ‘Control.Monad.Trans.Error’ is deprecated:
      Use Control.Monad.Trans.Except instead

Control/Monad/RWS/Class.hs:51:11: Warning:
    In the use of type constructor or class ‘Error’
    (imported from Control.Monad.Trans.Error):
    Deprecated: "Use Control.Monad.Trans.Except instead"

Control/Monad/RWS/Class.hs:51:45: Warning:
    In the use of type constructor or class ‘ErrorT’
    (imported from Control.Monad.Trans.Error):
    Deprecated: "Use Control.Monad.Trans.Except instead"
[12 of 21] Compiling Control.Monad.RWS.Lazy ( Control/Monad/RWS/Lazy.hs, .stack-work/dist/x86_64-linux-ncurses6/Cabal-1.22.5.0/build/Control/Monad/RWS/Lazy.o )
[13 of 21] Compiling Control.Monad.RWS ( Control/Monad/RWS.hs, .stack-work/dist/x86_64-linux-ncurses6/Cabal-1.22.5.0/build/Control/Monad/RWS.o )
[14 of 21] Compiling Control.Monad.RWS.Strict ( Control/Monad/RWS/Strict.hs, .stack-work/dist/x86_64-linux-ncurses6/Cabal-1.22.5.0/build/Control/Monad/RWS/Strict.o )
[15 of 21] Compiling Control.Monad.State.Lazy ( Control/Monad/State/Lazy.hs, .stack-work/dist/x86_64-linux-ncurses6/Cabal-1.22.5.0/build/Control/Monad/State/Lazy.o )
[16 of 21] Compiling Control.Monad.State ( Control/Monad/State.hs, .stack-work/dist/x86_64-linux-ncurses6/Cabal-1.22.5.0/build/Control/Monad/State.o )
[17 of 21] Compiling Control.Monad.State.Strict ( Control/Monad/State/Strict.hs, .stack-work/dist/x86_64-linux-ncurses6/Cabal-1.22.5.0/build/Control/Monad/State/Strict.o )
[18 of 21] Compiling Control.Monad.Writer.Lazy ( Control/Monad/Writer/Lazy.hs, .stack-work/dist/x86_64-linux-ncurses6/Cabal-1.22.5.0/build/Control/Monad/Writer/Lazy.o )
[19 of 21] Compiling Control.Monad.Writer ( Control/Monad/Writer.hs, .stack-work/dist/x86_64-linux-ncurses6/Cabal-1.22.5.0/build/Control/Monad/Writer.o )
[20 of 21] Compiling Control.Monad.Writer.Strict ( Control/Monad/Writer/Strict.hs, .stack-work/dist/x86_64-linux-ncurses6/Cabal-1.22.5.0/build/Control/Monad/Writer/Strict.o )
[21 of 21] Compiling Control.Monad.Cont ( Control/Monad/Cont.hs, .stack-work/dist/x86_64-linux-ncurses6/Cabal-1.22.5.0/build/Control/Monad/Cont.o )
In-place registering monads-tf-0.1.0.3...
Installing library in
/home/korolr/.stack/snapshots/x86_64-linux-ncurses6/lts-6.10/7.10.3/lib/x86_64-linux-ghc-7.10.3/monads-tf-0.1.0.3-5M6wZtP1TpiAkFGzni5tIH
Registering monads-tf-0.1.0.3...
