Configuring MonadCatchIO-transformers-0.3.1.3...
Building MonadCatchIO-transformers-0.3.1.3...
Preprocessing library MonadCatchIO-transformers-0.3.1.3...
[1 of 2] Compiling Control.Monad.CatchIO ( src/Control/Monad/CatchIO.hs, .stack-work/dist/x86_64-linux-ncurses6/Cabal-1.22.5.0/build/Control/Monad/CatchIO.o )

src/Control/Monad/CatchIO.hs:29:1: Warning:
    Module ‘Prelude’ does not export ‘catch’

src/Control/Monad/CatchIO.hs:30:1: Warning:
    The import of ‘Control.Applicative’ is redundant
      except perhaps to import instances from ‘Control.Applicative’
    To import instances alone, use: import Control.Applicative()

src/Control/Monad/CatchIO.hs:36:1: Warning:
    Module ‘Control.Monad.Trans.Error’ is deprecated:
      Use Control.Monad.Trans.Except instead

src/Control/Monad/CatchIO.hs:48:1: Warning:
    The import of ‘Data.Monoid’ is redundant
      except perhaps to import instances from ‘Data.Monoid’
    To import instances alone, use: import Data.Monoid()

src/Control/Monad/CatchIO.hs:99:27: Warning:
    In the use of type constructor or class ‘Error’
    (imported from Control.Monad.Trans.Error):
    Deprecated: "Use Control.Monad.Trans.Except instead"

src/Control/Monad/CatchIO.hs:99:53: Warning:
    In the use of type constructor or class ‘ErrorT’
    (imported from Control.Monad.Trans.Error):
    Deprecated: "Use Control.Monad.Trans.Except instead"

src/Control/Monad/CatchIO.hs:100:17: Warning:
    In the use of ‘mapErrorT’
    (imported from Control.Monad.Trans.Error):
    Deprecated: "Use Control.Monad.Trans.Except instead"

src/Control/Monad/CatchIO.hs:100:52: Warning:
    In the use of ‘runErrorT’
    (imported from Control.Monad.Trans.Error):
    Deprecated: "Use Control.Monad.Trans.Except instead"

src/Control/Monad/CatchIO.hs:101:17: Warning:
    In the use of ‘mapErrorT’
    (imported from Control.Monad.Trans.Error):
    Deprecated: "Use Control.Monad.Trans.Except instead"

src/Control/Monad/CatchIO.hs:102:17: Warning:
    In the use of ‘mapErrorT’
    (imported from Control.Monad.Trans.Error):
    Deprecated: "Use Control.Monad.Trans.Except instead"
[2 of 2] Compiling Control.Monad.CatchIO.Try ( src/Control/Monad/CatchIO/Try.hs, .stack-work/dist/x86_64-linux-ncurses6/Cabal-1.22.5.0/build/Control/Monad/CatchIO/Try.o )

src/Control/Monad/CatchIO/Try.hs:22:1: Warning:
    Module ‘Control.Monad.Trans.Error’ is deprecated:
      Use Control.Monad.Trans.Except instead

src/Control/Monad/CatchIO/Try.hs:23:1: Warning:
    The import of ‘MonadIO’
    from module ‘Control.Monad.Error’ is redundant

src/Control/Monad/CatchIO/Try.hs:26:11: Warning:
    In the use of type constructor or class ‘Error’
    (imported from Control.Monad.Error, but defined in Control.Monad.Trans.Error):
    Deprecated: "Use Control.Monad.Trans.Except instead"

src/Control/Monad/CatchIO/Try.hs:27:37: Warning:
    In the use of ‘strMsg’ (imported from Control.Monad.Trans.Error):
    Deprecated: "Use Control.Monad.Trans.Except instead"
In-place registering MonadCatchIO-transformers-0.3.1.3...
Installing library in
/home/korolr/.stack/snapshots/x86_64-linux-ncurses6/lts-6.10/7.10.3/lib/x86_64-linux-ghc-7.10.3/MonadCatchIO-transformers-0.3.1.3-Jr5N1jwqWOiDadnjgHIYSh
Registering MonadCatchIO-transformers-0.3.1.3...
