Configuring resourcet-1.1.7.4...
Building resourcet-1.1.7.4...
Preprocessing library resourcet-1.1.7.4...
[1 of 4] Compiling Data.Acquire.Internal ( Data/Acquire/Internal.hs, .stack-work/dist/x86_64-linux-ncurses6/Cabal-1.22.5.0/build/Data/Acquire/Internal.o )

Data/Acquire/Internal.hs:18:1: Warning:
    The import of ‘Control.Applicative’ is redundant
      except perhaps to import instances from ‘Control.Applicative’
    To import instances alone, use: import Control.Applicative()
[2 of 4] Compiling Control.Monad.Trans.Resource.Internal ( Control/Monad/Trans/Resource/Internal.hs, .stack-work/dist/x86_64-linux-ncurses6/Cabal-1.22.5.0/build/Control/Monad/Trans/Resource/Internal.o )

Control/Monad/Trans/Resource/Internal.hs:33:1: Warning:
    The import of ‘Applicative’
    from module ‘Control.Applicative’ is redundant

Control/Monad/Trans/Resource/Internal.hs:49:1: Warning:
    Module ‘Control.Monad.Trans.Error’ is deprecated:
      Use Control.Monad.Trans.Except instead

Control/Monad/Trans/Resource/Internal.hs:75:1: Warning:
    The import of ‘Data.Word’ is redundant
      except perhaps to import instances from ‘Data.Word’
    To import instances alone, use: import Data.Word()

Control/Monad/Trans/Resource/Internal.hs:76:1: Warning:
    Module ‘Prelude’ does not export ‘catch’

Control/Monad/Trans/Resource/Internal.hs:292:11: Warning:
    In the use of type constructor or class ‘Error’
    (imported from Control.Monad.Trans.Error):
    Deprecated: "Use Control.Monad.Trans.Except instead"

Control/Monad/Trans/Resource/Internal.hs:292:56: Warning:
    In the use of type constructor or class ‘ErrorT’
    (imported from Control.Monad.Trans.Error):
    Deprecated: "Use Control.Monad.Trans.Except instead"
[3 of 4] Compiling Control.Monad.Trans.Resource ( Control/Monad/Trans/Resource.hs, .stack-work/dist/x86_64-linux-ncurses6/Cabal-1.22.5.0/build/Control/Monad/Trans/Resource.o )

Control/Monad/Trans/Resource.hs:54:7: Warning:
    The export item ‘ExceptionT(..)’ suggests that
    ‘ExceptionT’ has (in-scope) constructors or class methods,
    but it has none

Control/Monad/Trans/Resource.hs:64:1: Warning:
    The import of ‘throw’ from module ‘Control.Exception’ is redundant

Control/Monad/Trans/Resource.hs:69:1: Warning:
    The import of ‘Control.Applicative’ is redundant
      except perhaps to import instances from ‘Control.Applicative’
    To import instances alone, use: import Control.Applicative()

Control/Monad/Trans/Resource.hs:73:1: Warning:
    The import of ‘Data.Monoid’ is redundant
      except perhaps to import instances from ‘Data.Monoid’
    To import instances alone, use: import Data.Monoid()

Control/Monad/Trans/Resource.hs:206:1: Warning:
    Defined but not used: ‘finally’
[4 of 4] Compiling Data.Acquire     ( Data/Acquire.hs, .stack-work/dist/x86_64-linux-ncurses6/Cabal-1.22.5.0/build/Data/Acquire.o )

Data/Acquire.hs:16:1: Warning:
    The import of ‘Control.Monad.Trans.Resource’ is redundant
      except perhaps to import instances from ‘Control.Monad.Trans.Resource’
    To import instances alone, use: import Control.Monad.Trans.Resource()

Data/Acquire.hs:18:1: Warning:
    The import of ‘Control.Applicative’ is redundant
      except perhaps to import instances from ‘Control.Applicative’
    To import instances alone, use: import Control.Applicative()

Data/Acquire.hs:19:1: Warning:
    The import of ‘Control.Monad.Base’ is redundant
      except perhaps to import instances from ‘Control.Monad.Base’
    To import instances alone, use: import Control.Monad.Base()

Data/Acquire.hs:21:1: Warning:
    The import of ‘Control.Monad.Trans.Control’ is redundant
      except perhaps to import instances from ‘Control.Monad.Trans.Control’
    To import instances alone, use: import Control.Monad.Trans.Control()

Data/Acquire.hs:23:1: Warning:
    The import of ‘Data.Typeable’ is redundant
      except perhaps to import instances from ‘Data.Typeable’
    To import instances alone, use: import Data.Typeable()

Data/Acquire.hs:24:1: Warning:
    The import of ‘Control.Monad’ is redundant
      except perhaps to import instances from ‘Control.Monad’
    To import instances alone, use: import Control.Monad()
In-place registering resourcet-1.1.7.4...
Installing library in
/home/korolr/.stack/snapshots/x86_64-linux-ncurses6/lts-6.10/7.10.3/lib/x86_64-linux-ghc-7.10.3/resourcet-1.1.7.4-L55heI7Nh8BIaVlsvt7SIa
Registering resourcet-1.1.7.4...
