Configuring unix-compat-0.4.1.4...
Building unix-compat-0.4.1.4...
Preprocessing library unix-compat-0.4.1.4...
[1 of 8] Compiling System.PosixCompat.User ( .stack-work/dist/x86_64-linux-ncurses6/Cabal-1.22.5.0/build/System/PosixCompat/User.hs, .stack-work/dist/x86_64-linux-ncurses6/Cabal-1.22.5.0/build/System/PosixCompat/User.o )
[2 of 8] Compiling System.PosixCompat.Unistd ( src/System/PosixCompat/Unistd.hs, .stack-work/dist/x86_64-linux-ncurses6/Cabal-1.22.5.0/build/System/PosixCompat/Unistd.o )
[3 of 8] Compiling System.PosixCompat.Types ( src/System/PosixCompat/Types.hs, .stack-work/dist/x86_64-linux-ncurses6/Cabal-1.22.5.0/build/System/PosixCompat/Types.o )
[4 of 8] Compiling System.PosixCompat.Extensions ( .stack-work/dist/x86_64-linux-ncurses6/Cabal-1.22.5.0/build/System/PosixCompat/Extensions.hs, .stack-work/dist/x86_64-linux-ncurses6/Cabal-1.22.5.0/build/System/PosixCompat/Extensions.o )
[5 of 8] Compiling System.PosixCompat.Time ( src/System/PosixCompat/Time.hs, .stack-work/dist/x86_64-linux-ncurses6/Cabal-1.22.5.0/build/System/PosixCompat/Time.o )
[6 of 8] Compiling System.PosixCompat.Temp ( src/System/PosixCompat/Temp.hs, .stack-work/dist/x86_64-linux-ncurses6/Cabal-1.22.5.0/build/System/PosixCompat/Temp.o )
[7 of 8] Compiling System.PosixCompat.Files ( .stack-work/dist/x86_64-linux-ncurses6/Cabal-1.22.5.0/build/System/PosixCompat/Files.hs, .stack-work/dist/x86_64-linux-ncurses6/Cabal-1.22.5.0/build/System/PosixCompat/Files.o )
[8 of 8] Compiling System.PosixCompat ( src/System/PosixCompat.hs, .stack-work/dist/x86_64-linux-ncurses6/Cabal-1.22.5.0/build/System/PosixCompat.o )
cbits/HsUnixCompat.c: В функции «unix_major»:

cbits/HsUnixCompat.c:9:13:
     предупреждение: In the GNU C Library, "major" is defined
     by <sys/sysmacros.h>. For historical compatibility, it is
     currently defined by <sys/types.h> as well, but we plan to
     remove this soon. To use "major", include <sys/sysmacros.h>
     directly. If you did not intend to use a system-defined macro
     "major", you should undefine it after including <sys/types.h>.
         return major(dev);
                 ^~~~~~~~~~                                                                                                                                                                                                                                                                                                                                                              
cbits/HsUnixCompat.c: В функции «unix_minor»:

cbits/HsUnixCompat.c:14:13:
     предупреждение: In the GNU C Library, "minor" is defined
     by <sys/sysmacros.h>. For historical compatibility, it is
     currently defined by <sys/types.h> as well, but we plan to
     remove this soon. To use "minor", include <sys/sysmacros.h>
     directly. If you did not intend to use a system-defined macro
     "minor", you should undefine it after including <sys/types.h>.
         return minor(dev);
                 ^~~~~~~~~~                                                                                                                                                                                                                                                                                                                                                              
cbits/HsUnixCompat.c: В функции «unix_makedev»:

cbits/HsUnixCompat.c:19:13:
     предупреждение: In the GNU C Library, "makedev" is defined
     by <sys/sysmacros.h>. For historical compatibility, it is
     currently defined by <sys/types.h> as well, but we plan to
     remove this soon. To use "makedev", include <sys/sysmacros.h>
     directly. If you did not intend to use a system-defined macro
     "makedev", you should undefine it after including <sys/types.h>.
         return makedev(maj, min);
                 ^~~~~~~~~~~~~~~~~                                                                                                                                                                                                                                                                                                                                                             
cbits/HsUnixCompat.c: В функции «unix_major»:

cbits/HsUnixCompat.c:9:13:
     предупреждение: In the GNU C Library, "major" is defined
     by <sys/sysmacros.h>. For historical compatibility, it is
     currently defined by <sys/types.h> as well, but we plan to
     remove this soon. To use "major", include <sys/sysmacros.h>
     directly. If you did not intend to use a system-defined macro
     "major", you should undefine it after including <sys/types.h>.
         return major(dev);
                 ^~~~~~~~~~                                                                                                                                                                                                                                                                                                                                                              
cbits/HsUnixCompat.c: В функции «unix_minor»:

cbits/HsUnixCompat.c:14:13:
     предупреждение: In the GNU C Library, "minor" is defined
     by <sys/sysmacros.h>. For historical compatibility, it is
     currently defined by <sys/types.h> as well, but we plan to
     remove this soon. To use "minor", include <sys/sysmacros.h>
     directly. If you did not intend to use a system-defined macro
     "minor", you should undefine it after including <sys/types.h>.
         return minor(dev);
                 ^~~~~~~~~~                                                                                                                                                                                                                                                                                                                                                              
cbits/HsUnixCompat.c: В функции «unix_makedev»:

cbits/HsUnixCompat.c:19:13:
     предупреждение: In the GNU C Library, "makedev" is defined
     by <sys/sysmacros.h>. For historical compatibility, it is
     currently defined by <sys/types.h> as well, but we plan to
     remove this soon. To use "makedev", include <sys/sysmacros.h>
     directly. If you did not intend to use a system-defined macro
     "makedev", you should undefine it after including <sys/types.h>.
         return makedev(maj, min);
                 ^~~~~~~~~~~~~~~~~                                                                                                                                                                                                                                                                                                                                                             
In-place registering unix-compat-0.4.1.4...
Installing library in
/home/korolr/.stack/snapshots/x86_64-linux-ncurses6/lts-6.10/7.10.3/lib/x86_64-linux-ghc-7.10.3/unix-compat-0.4.1.4-Km8uiabmElX5mrb8D4Fywe
Registering unix-compat-0.4.1.4...
