Configuring xml-types-0.3.6...
Building xml-types-0.3.6...
Preprocessing library xml-types-0.3.6...
[1 of 1] Compiling Data.XML.Types   ( lib/Data/XML/Types.hs, .stack-work/dist/x86_64-linux-ncurses6/Cabal-1.22.5.0/build/Data/XML/Types.o )

lib/Data/XML/Types.hs:27:1: Warning: Tab character

lib/Data/XML/Types.hs:28:1: Warning: Tab character

lib/Data/XML/Types.hs:29:1: Warning: Tab character

lib/Data/XML/Types.hs:30:1: Warning: Tab character

lib/Data/XML/Types.hs:31:1: Warning: Tab character

lib/Data/XML/Types.hs:32:1: Warning: Tab character

lib/Data/XML/Types.hs:33:1: Warning: Tab character

lib/Data/XML/Types.hs:34:1: Warning: Tab character

lib/Data/XML/Types.hs:35:1: Warning: Tab character

lib/Data/XML/Types.hs:36:1: Warning: Tab character

lib/Data/XML/Types.hs:37:1: Warning: Tab character

lib/Data/XML/Types.hs:38:1: Warning: Tab character

lib/Data/XML/Types.hs:39:1: Warning: Tab character

lib/Data/XML/Types.hs:40:1: Warning: Tab character

lib/Data/XML/Types.hs:41:1: Warning: Tab character

lib/Data/XML/Types.hs:42:1: Warning: Tab character

lib/Data/XML/Types.hs:43:1: Warning: Tab character

lib/Data/XML/Types.hs:44:1: Warning: Tab character

lib/Data/XML/Types.hs:45:1: Warning: Tab character

lib/Data/XML/Types.hs:46:1: Warning: Tab character

lib/Data/XML/Types.hs:47:1: Warning: Tab character

lib/Data/XML/Types.hs:48:1: Warning: Tab character

lib/Data/XML/Types.hs:49:1: Warning: Tab character

lib/Data/XML/Types.hs:50:1: Warning: Tab character

lib/Data/XML/Types.hs:51:1: Warning: Tab character

lib/Data/XML/Types.hs:52:1: Warning: Tab character

lib/Data/XML/Types.hs:53:1: Warning: Tab character

lib/Data/XML/Types.hs:54:1: Warning: Tab character

lib/Data/XML/Types.hs:55:1: Warning: Tab character

lib/Data/XML/Types.hs:56:1: Warning: Tab character

lib/Data/XML/Types.hs:57:1: Warning: Tab character

lib/Data/XML/Types.hs:58:1: Warning: Tab character

lib/Data/XML/Types.hs:59:1: Warning: Tab character

lib/Data/XML/Types.hs:60:1: Warning: Tab character

lib/Data/XML/Types.hs:61:1: Warning: Tab character

lib/Data/XML/Types.hs:62:1: Warning: Tab character

lib/Data/XML/Types.hs:63:1: Warning: Tab character

lib/Data/XML/Types.hs:64:1: Warning: Tab character

lib/Data/XML/Types.hs:65:1: Warning: Tab character

lib/Data/XML/Types.hs:66:1: Warning: Tab character

lib/Data/XML/Types.hs:67:1: Warning: Tab character

lib/Data/XML/Types.hs:68:1: Warning: Tab character

lib/Data/XML/Types.hs:69:1: Warning: Tab character

lib/Data/XML/Types.hs:70:1: Warning: Tab character

lib/Data/XML/Types.hs:71:1: Warning: Tab character

lib/Data/XML/Types.hs:72:1: Warning: Tab character

lib/Data/XML/Types.hs:89:1: Warning: Tab character

lib/Data/XML/Types.hs:90:1: Warning: Tab character

lib/Data/XML/Types.hs:91:1: Warning: Tab character

lib/Data/XML/Types.hs:92:1: Warning: Tab character

lib/Data/XML/Types.hs:93:1: Warning: Tab character

lib/Data/XML/Types.hs:96:1: Warning: Tab character

lib/Data/XML/Types.hs:103:1: Warning: Tab character

lib/Data/XML/Types.hs:104:1: Warning: Tab character

lib/Data/XML/Types.hs:105:1: Warning: Tab character

lib/Data/XML/Types.hs:106:1: Warning: Tab character

lib/Data/XML/Types.hs:107:1: Warning: Tab character

lib/Data/XML/Types.hs:110:1: Warning: Tab character

lib/Data/XML/Types.hs:117:1: Warning: Tab character

lib/Data/XML/Types.hs:118:1: Warning: Tab character

lib/Data/XML/Types.hs:119:1: Warning: Tab character

lib/Data/XML/Types.hs:120:1: Warning: Tab character

lib/Data/XML/Types.hs:123:1: Warning: Tab character

lib/Data/XML/Types.hs:130:1: Warning: Tab character

lib/Data/XML/Types.hs:131:1: Warning: Tab character

lib/Data/XML/Types.hs:132:1: Warning: Tab character

lib/Data/XML/Types.hs:135:1: Warning: Tab character

lib/Data/XML/Types.hs:136:1: Warning: Tab character

lib/Data/XML/Types.hs:143:1: Warning: Tab character

lib/Data/XML/Types.hs:144:1: Warning: Tab character

lib/Data/XML/Types.hs:145:1: Warning: Tab character

lib/Data/XML/Types.hs:146:1: Warning: Tab character

lib/Data/XML/Types.hs:147:1: Warning: Tab character

lib/Data/XML/Types.hs:150:1: Warning: Tab character

lib/Data/XML/Types.hs:151:1: Warning: Tab character

lib/Data/XML/Types.hs:152:1: Warning: Tab character

lib/Data/XML/Types.hs:153:1: Warning: Tab character

lib/Data/XML/Types.hs:160:1: Warning: Tab character

lib/Data/XML/Types.hs:161:1: Warning: Tab character

lib/Data/XML/Types.hs:162:1: Warning: Tab character

lib/Data/XML/Types.hs:163:1: Warning: Tab character

lib/Data/XML/Types.hs:164:1: Warning: Tab character

lib/Data/XML/Types.hs:167:1: Warning: Tab character

lib/Data/XML/Types.hs:174:1: Warning: Tab character

lib/Data/XML/Types.hs:175:1: Warning: Tab character

lib/Data/XML/Types.hs:176:1: Warning: Tab character

lib/Data/XML/Types.hs:179:1: Warning: Tab character

lib/Data/XML/Types.hs:180:1: Warning: Tab character

lib/Data/XML/Types.hs:202:1: Warning: Tab character

lib/Data/XML/Types.hs:203:1: Warning: Tab character

lib/Data/XML/Types.hs:204:1: Warning: Tab character

lib/Data/XML/Types.hs:205:1: Warning: Tab character

lib/Data/XML/Types.hs:206:1: Warning: Tab character

lib/Data/XML/Types.hs:209:1: Warning: Tab character

lib/Data/XML/Types.hs:212:1: Warning: Tab character

lib/Data/XML/Types.hs:215:1: Warning: Tab character

lib/Data/XML/Types.hs:216:1: Warning: Tab character

lib/Data/XML/Types.hs:217:1: Warning: Tab character

lib/Data/XML/Types.hs:218:1: Warning: Tab character

lib/Data/XML/Types.hs:219:1: Warning: Tab character

lib/Data/XML/Types.hs:222:1: Warning: Tab character

lib/Data/XML/Types.hs:235:1: Warning: Tab character

lib/Data/XML/Types.hs:236:1: Warning: Tab character

lib/Data/XML/Types.hs:237:1: Warning: Tab character

lib/Data/XML/Types.hs:238:1: Warning: Tab character

lib/Data/XML/Types.hs:241:1: Warning: Tab character

lib/Data/XML/Types.hs:248:1: Warning: Tab character

lib/Data/XML/Types.hs:249:1: Warning: Tab character

lib/Data/XML/Types.hs:250:1: Warning: Tab character

lib/Data/XML/Types.hs:253:1: Warning: Tab character

lib/Data/XML/Types.hs:254:1: Warning: Tab character

lib/Data/XML/Types.hs:273:1: Warning: Tab character

lib/Data/XML/Types.hs:274:1: Warning: Tab character

lib/Data/XML/Types.hs:275:1: Warning: Tab character

lib/Data/XML/Types.hs:276:1: Warning: Tab character

lib/Data/XML/Types.hs:277:1: Warning: Tab character

lib/Data/XML/Types.hs:278:1: Warning: Tab character

lib/Data/XML/Types.hs:279:1: Warning: Tab character

lib/Data/XML/Types.hs:280:1: Warning: Tab character

lib/Data/XML/Types.hs:281:1: Warning: Tab character

lib/Data/XML/Types.hs:282:1: Warning: Tab character

lib/Data/XML/Types.hs:283:1: Warning: Tab character

lib/Data/XML/Types.hs:286:1: Warning: Tab character

lib/Data/XML/Types.hs:287:1: Warning: Tab character

lib/Data/XML/Types.hs:288:1: Warning: Tab character

lib/Data/XML/Types.hs:289:1: Warning: Tab character

lib/Data/XML/Types.hs:290:1: Warning: Tab character

lib/Data/XML/Types.hs:291:1: Warning: Tab character

lib/Data/XML/Types.hs:292:1: Warning: Tab character

lib/Data/XML/Types.hs:293:1: Warning: Tab character
In-place registering xml-types-0.3.6...
Installing library in
/home/korolr/.stack/snapshots/x86_64-linux-ncurses6/lts-6.10/7.10.3/lib/x86_64-linux-ghc-7.10.3/xml-types-0.3.6-Ig8FQkC5nvD44nK4uZknsI
Registering xml-types-0.3.6...
